***************************************************************************
******   pr2p : when a couple of meters either way is no big deal.   ******
***************************************************************************
   
Run time   : Mon Aug 22 17:01:23 2016 
Host       : zeus 
Input file : RnovaRinex.obs 
Data type  : C1 
invocation : /opt/goa-6.4/bin/pr2p -i RnovaRinex.obs -orb_clk flinnR /home/zeus/binaryJune14BaselineTest/flinnR -r .1 -dtype C1 
   
Number of epochs analyzed     : 656 
Number of failed epoch solves : 648     ( 98.8%  of epochs) 
Number of data per epoch (avg/min/max) : (2/1/4) 
   
Average Position, (x,y,z), in km:   6625.965349   1902.762091    -66.543028 
Position Scatter, (x,y,z), in km:      0.000889      0.043022      1.855660 
   
------------------------
---   OUTLIER INFO   ---
------------------------
Number of epochs with outliers: 0     (  0.0%  of epochs) 
   
-------------------------
---   RESIDUAL INFO   ---
-------------------------
Number of residuals       : 32 
Average residual (meters) : 0.000000 
Standard deviation of residuals (meters) : 0.000000 
Maximum residual (meters) : 0.000000 
Minimum residual (meters) : 0.000000 
Residuals associated with each transmitter (num, avg in meters) : 
   GPS58 : 8 residuals : avg resid is 0.000000 meters 
   GPS43 : 8 residuals : avg resid is 0.000000 meters 
   GPS59 : 8 residuals : avg resid is 0.000000 meters 
   GPS51 : 8 residuals : avg resid is 0.000000 meters 
