***************************************************************************
******   pr2p : when a couple of meters either way is no big deal.   ******
***************************************************************************
   
Run time   : Fri Aug 19 16:04:31 2016 
Host       : zeus 
Input file : RnovaRinex.obs 
Data type  : C1 
invocation : /opt/goa-6.4/bin/pr2p -i RnovaRinex.obs -orb_clk flinnR /home/zeus/binaryJune14BaselineTest/flinnR -r .1 -dtype C1 
   
Number of epochs analyzed     : 34107 
Number of failed epoch solves : 20314     ( 59.6%  of epochs) 
Number of data per epoch (avg/min/max) : (4/1/9) 
   
Average Position, (x,y,z), in km:  -1301.969515   -915.268731   1172.495090 
Position Scatter, (x,y,z), in km:   3969.699212   1664.748117   5002.166408 
   
------------------------
---   OUTLIER INFO   ---
------------------------
Number of epochs with outliers: 3     (  0.0%  of epochs) 
Of the epochs with outliers, 
   (avg/min/max) number of outliers per epoch : (1/1/1) 
Number of outliers associated with each transmitter: 
   GPS71 has 1 outliers 
   GPS54 has 1 outliers 
   GPS43 has 1 outliers 
   
-------------------------
---   RESIDUAL INFO   ---
-------------------------
Number of residuals       : 77952 
Average residual (meters) : 1.174478 
Standard deviation of residuals (meters) : 1.407005 
Maximum residual (meters) : 5.711733 
Minimum residual (meters) : 0.000000 
Residuals associated with each transmitter (num, avg in meters) : 
   GPS71 : 3233 residuals : avg resid is 3.506487 meters 
   GPS52 : 2312 residuals : avg resid is 2.971848 meters 
   GPS60 : 2889 residuals : avg resid is 2.832510 meters 
   GPS43 : 1672 residuals : avg resid is 2.409266 meters 
   GPS46 : 5151 residuals : avg resid is 2.302249 meters 
   GPS63 : 5784 residuals : avg resid is 1.738814 meters 
   GPS59 : 2044 residuals : avg resid is 1.736122 meters 
   GPS51 : 555 residuals : avg resid is 1.713857 meters 
   GPS62 : 3184 residuals : avg resid is 1.460322 meters 
   GPS61 : 1097 residuals : avg resid is 1.389886 meters 
   GPS68 : 1594 residuals : avg resid is 1.303642 meters 
   GPS57 : 3124 residuals : avg resid is 1.253555 meters 
   GPS67 : 1317 residuals : avg resid is 1.110771 meters 
   GPS50 : 768 residuals : avg resid is 0.929555 meters 
   GPS65 : 4126 residuals : avg resid is 0.839152 meters 
   GPS55 : 1990 residuals : avg resid is 0.719516 meters 
   GPS58 : 2423 residuals : avg resid is 0.624555 meters 
   GPS45 : 5264 residuals : avg resid is 0.620859 meters 
   GPS73 : 4188 residuals : avg resid is 0.607721 meters 
   GPS54 : 6493 residuals : avg resid is 0.592191 meters 
   GPS56 : 2596 residuals : avg resid is 0.421529 meters 
   GPS72 : 3771 residuals : avg resid is 0.382106 meters 
   GPS41 : 2386 residuals : avg resid is 0.206883 meters 
   GPS70 : 2386 residuals : avg resid is 0.178362 meters 
   GPS48 : 289 residuals : avg resid is 0.167078 meters 
   GPS53 : 2067 residuals : avg resid is 0.163012 meters 
   GPS66 : 2433 residuals : avg resid is 0.161552 meters 
   GPS44 : 192 residuals : avg resid is 0.101500 meters 
   GPS69 : 455 residuals : avg resid is 0.060948 meters 
   GPS47 : 2169 residuals : avg resid is 0.012461 meters 
