***************************************************************************
******   pr2p : when a couple of meters either way is no big deal.   ******
***************************************************************************
   
Run time   : Mon Aug 22 17:14:25 2016 
Host       : zeus 
Input file : RnovaRinex.obs 
Data type  : C1 
invocation : /opt/goa-6.4/bin/pr2p -i RnovaRinex.obs -orb_clk flinnR /home/zeus/binaryJune14BaselineTest/flinnR -r .1 -dtype C1 
   
Number of epochs analyzed     : 6752 
Number of failed epoch solves : 6752     (100.0%  of epochs) 
Number of data per epoch (avg/min/max) : (2/1/3) 
   
Average Position, (x,y,z), in km:      0.000000      0.000000      0.000000 
Position Scatter, (x,y,z), in km:      0.000000      0.000000      0.000000 
   
------------------------
---   OUTLIER INFO   ---
------------------------
Number of epochs with outliers: 0     (  0.0%  of epochs) 
   
-------------------------
---   RESIDUAL INFO   ---
-------------------------
Number of residuals       : 0 
