***************************************************************************
******   pr2p : when a couple of meters either way is no big deal.   ******
***************************************************************************
   
Run time   : Mon Aug 22 11:22:12 2016 
Host       : zeus 
Input file : RnovaRinex.obs 
Data type  : C1 
invocation : /opt/goa-6.4/bin/pr2p -i RnovaRinex.obs -orb_clk flinnR /home/zeus/binaryJune14BaselineTest/flinnR -r .1 -dtype C1 
   
Number of epochs analyzed     : 74259 
Number of failed epoch solves : 34     (  0.0%  of epochs) 
Number of data per epoch (avg/min/max) : (10/1/12) 
   
Average Position, (x,y,z), in km:  -1037.022029   -376.130702    709.937249 
Position Scatter, (x,y,z), in km:   4602.411131   1630.062974   4681.677871 
   
------------------------
---   OUTLIER INFO   ---
------------------------
Number of epochs with outliers: 0     (  0.0%  of epochs) 
   
-------------------------
---   RESIDUAL INFO   ---
-------------------------
Number of residuals       : 726672 
Average residual (meters) : 2.369630 
Standard deviation of residuals (meters) : 1.445342 
Maximum residual (meters) : 6.373937 
Minimum residual (meters) : 0.000000 
Residuals associated with each transmitter (num, avg in meters) : 
   GPS47 : 33435 residuals : avg resid is 4.770957 meters 
   GPS71 : 26133 residuals : avg resid is 4.257225 meters 
   GPS61 : 22645 residuals : avg resid is 4.128635 meters 
   GPS63 : 32591 residuals : avg resid is 3.782491 meters 
   GPS60 : 27205 residuals : avg resid is 3.514181 meters 
   GPS62 : 22834 residuals : avg resid is 3.264280 meters 
   GPS70 : 30500 residuals : avg resid is 3.133174 meters 
   GPS69 : 29522 residuals : avg resid is 2.992129 meters 
   GPS67 : 18865 residuals : avg resid is 2.927477 meters 
   GPS43 : 19273 residuals : avg resid is 2.804439 meters 
   GPS51 : 17522 residuals : avg resid is 2.596236 meters 
   GPS46 : 34171 residuals : avg resid is 2.568492 meters 
   GPS41 : 30427 residuals : avg resid is 2.561740 meters 
   GPS52 : 20302 residuals : avg resid is 2.528436 meters 
   GPS50 : 20532 residuals : avg resid is 2.047044 meters 
   GPS56 : 28824 residuals : avg resid is 1.967350 meters 
   GPS66 : 28568 residuals : avg resid is 1.855790 meters 
   GPS44 : 23198 residuals : avg resid is 1.758683 meters 
   GPS59 : 24482 residuals : avg resid is 1.647683 meters 
   GPS68 : 21974 residuals : avg resid is 1.592346 meters 
   GPS72 : 33262 residuals : avg resid is 1.485421 meters 
   GPS45 : 14410 residuals : avg resid is 1.441624 meters 
   GPS55 : 19581 residuals : avg resid is 1.433110 meters 
   GPS58 : 22493 residuals : avg resid is 1.305672 meters 
   GPS53 : 24557 residuals : avg resid is 1.240245 meters 
   GPS65 : 23664 residuals : avg resid is 1.012623 meters 
   GPS57 : 24464 residuals : avg resid is 0.953547 meters 
   GPS54 : 21674 residuals : avg resid is 0.794309 meters 
   GPS73 : 27968 residuals : avg resid is 0.633439 meters 
   GPS48 : 1596 residuals : avg resid is 0.240792 meters 
