***************************************************************************
******   pr2p : when a couple of meters either way is no big deal.   ******
***************************************************************************
   
Run time   : Mon Aug 22 12:21:49 2016 
Host       : zeus 
Input file : RnovaRinex.obs 
Data type  : C1 
invocation : /opt/goa-6.4/bin/pr2p -i RnovaRinex.obs -orb_clk flinnR /home/zeus/binaryJune14BaselineTest/flinnR -r .1 -dtype C1 
   
Number of epochs analyzed     : 23086 
Number of failed epoch solves : 18452     ( 79.9%  of epochs) 
Number of data per epoch (avg/min/max) : (2/1/9) 
   
Average Position, (x,y,z), in km:  -5256.056652  -1704.681494   1387.981091 
Position Scatter, (x,y,z), in km:   2966.030395   1500.316087   1990.751884 
   
------------------------
---   OUTLIER INFO   ---
------------------------
Number of epochs with outliers: 0     (  0.0%  of epochs) 
   
-------------------------
---   RESIDUAL INFO   ---
-------------------------
Number of residuals       : 18686 
Average residual (meters) : 0.027301 
Standard deviation of residuals (meters) : 0.275201 
Maximum residual (meters) : 6.217554 
Minimum residual (meters) : 0.000000 
Residuals associated with each transmitter (num, avg in meters) : 
   GPS56 : 76 residuals : avg resid is 0.365832 meters 
   GPS66 : 202 residuals : avg resid is 0.311995 meters 
   GPS43 : 108 residuals : avg resid is 0.283485 meters 
   GPS57 : 69 residuals : avg resid is 0.274898 meters 
   GPS63 : 235 residuals : avg resid is 0.252504 meters 
   GPS73 : 82 residuals : avg resid is 0.210515 meters 
   GPS54 : 207 residuals : avg resid is 0.186011 meters 
   GPS58 : 31 residuals : avg resid is 0.142873 meters 
   GPS51 : 41 residuals : avg resid is 0.112745 meters 
   GPS61 : 235 residuals : avg resid is 0.063608 meters 
   GPS44 : 57 residuals : avg resid is 0.049117 meters 
   GPS62 : 150 residuals : avg resid is 0.046190 meters 
   GPS47 : 4010 residuals : avg resid is 0.027756 meters 
   GPS41 : 2143 residuals : avg resid is 0.024064 meters 
   GPS67 : 93 residuals : avg resid is 0.022102 meters 
   GPS70 : 2123 residuals : avg resid is 0.019092 meters 
   GPS72 : 2084 residuals : avg resid is 0.003754 meters 
   GPS45 : 2360 residuals : avg resid is 0.003134 meters 
   GPS55 : 126 residuals : avg resid is 0.001664 meters 
   GPS69 : 1900 residuals : avg resid is 0.000004 meters 
   GPS46 : 1899 residuals : avg resid is 0.000002 meters 
   GPS59 : 66 residuals : avg resid is 0.000001 meters 
   GPS65 : 60 residuals : avg resid is 0.000001 meters 
   GPS50 : 118 residuals : avg resid is 0.000001 meters 
   GPS71 : 56 residuals : avg resid is 0.000000 meters 
   GPS48 : 38 residuals : avg resid is 0.000000 meters 
   GPS68 : 72 residuals : avg resid is 0.000000 meters 
   GPS53 : 45 residuals : avg resid is 0.000000 meters 
