***************************************************************************
******   pr2p : when a couple of meters either way is no big deal.   ******
***************************************************************************
   
Run time   : Mon Aug 22 12:38:27 2016 
Host       : zeus 
Input file : RnovaRinex.obs 
Data type  : C1 
invocation : /opt/goa-6.4/bin/pr2p -i RnovaRinex.obs -orb_clk flinnR /home/zeus/binaryJune14BaselineTest/flinnR -r .1 -dtype C1 
   
Number of epochs analyzed     : 20307 
Number of failed epoch solves : 15474     ( 76.2%  of epochs) 
Number of data per epoch (avg/min/max) : (3/1/10) 
   
Average Position, (x,y,z), in km:    883.773753    226.095075   2543.485903 
Position Scatter, (x,y,z), in km:   5610.049239   1220.390784   2675.797480 
   
------------------------
---   OUTLIER INFO   ---
------------------------
Number of epochs with outliers: 0     (  0.0%  of epochs) 
   
-------------------------
---   RESIDUAL INFO   ---
-------------------------
Number of residuals       : 28680 
Average residual (meters) : 0.968662 
Standard deviation of residuals (meters) : 0.992340 
Maximum residual (meters) : 4.338878 
Minimum residual (meters) : 0.000000 
Residuals associated with each transmitter (num, avg in meters) : 
   GPS44 : 1901 residuals : avg resid is 2.154222 meters 
   GPS43 : 2655 residuals : avg resid is 1.943669 meters 
   GPS53 : 1978 residuals : avg resid is 1.698139 meters 
   GPS55 : 1972 residuals : avg resid is 1.585386 meters 
   GPS58 : 1940 residuals : avg resid is 1.484614 meters 
   GPS73 : 1811 residuals : avg resid is 1.380164 meters 
   GPS59 : 1908 residuals : avg resid is 1.353247 meters 
   GPS65 : 1799 residuals : avg resid is 1.232505 meters 
   GPS41 : 181 residuals : avg resid is 1.105625 meters 
   GPS70 : 181 residuals : avg resid is 1.046762 meters 
   GPS63 : 227 residuals : avg resid is 0.767585 meters 
   GPS51 : 537 residuals : avg resid is 0.559802 meters 
   GPS54 : 2709 residuals : avg resid is 0.304124 meters 
   GPS50 : 73 residuals : avg resid is 0.181521 meters 
   GPS66 : 67 residuals : avg resid is 0.095236 meters 
   GPS57 : 918 residuals : avg resid is 0.083399 meters 
   GPS45 : 186 residuals : avg resid is 0.047112 meters 
   GPS61 : 917 residuals : avg resid is 0.038508 meters 
   GPS46 : 1602 residuals : avg resid is 0.018110 meters 
   GPS47 : 1628 residuals : avg resid is 0.002340 meters 
   GPS72 : 1600 residuals : avg resid is 0.000004 meters 
   GPS69 : 1598 residuals : avg resid is 0.000002 meters 
   GPS71 : 51 residuals : avg resid is 0.000001 meters 
   GPS56 : 51 residuals : avg resid is 0.000001 meters 
   GPS52 : 26 residuals : avg resid is 0.000001 meters 
   GPS67 : 82 residuals : avg resid is 0.000001 meters 
   GPS62 : 82 residuals : avg resid is 0.000001 meters 
