***************************************************************************
******   pr2p : when a couple of meters either way is no big deal.   ******
***************************************************************************
   
Run time   : Mon Aug 22 12:11:13 2016 
Host       : zeus 
Input file : RnovaRinex.obs 
Data type  : C1 
invocation : /opt/goa-6.4/bin/pr2p -i RnovaRinex.obs -orb_clk flinnR /home/zeus/binaryJune14BaselineTest/flinnR -r .1 -dtype C1 
   
Number of epochs analyzed     : 20657 
Number of failed epoch solves : 13272     ( 64.2%  of epochs) 
Number of data per epoch (avg/min/max) : (3/1/7) 
   
Average Position, (x,y,z), in km:  -3721.568997  -1383.235474   4184.804225 
Position Scatter, (x,y,z), in km:   1864.194342   1408.181721   2933.903544 
   
------------------------
---   OUTLIER INFO   ---
------------------------
Number of epochs with outliers: 0     (  0.0%  of epochs) 
   
-------------------------
---   RESIDUAL INFO   ---
-------------------------
Number of residuals       : 34243 
Average residual (meters) : 0.502988 
Standard deviation of residuals (meters) : 1.077317 
Maximum residual (meters) : 4.227991 
Minimum residual (meters) : 0.000000 
Residuals associated with each transmitter (num, avg in meters) : 
   GPS71 : 245 residuals : avg resid is 2.346304 meters 
   GPS46 : 3198 residuals : avg resid is 1.810316 meters 
   GPS52 : 299 residuals : avg resid is 1.637265 meters 
   GPS63 : 5333 residuals : avg resid is 0.920919 meters 
   GPS56 : 299 residuals : avg resid is 0.604385 meters 
   GPS73 : 1820 residuals : avg resid is 0.551333 meters 
   GPS45 : 3386 residuals : avg resid is 0.529145 meters 
   GPS54 : 3289 residuals : avg resid is 0.490300 meters 
   GPS69 : 299 residuals : avg resid is 0.248822 meters 
   GPS72 : 2118 residuals : avg resid is 0.114681 meters 
   GPS66 : 1804 residuals : avg resid is 0.080260 meters 
   GPS65 : 1887 residuals : avg resid is 0.080195 meters 
   GPS41 : 3336 residuals : avg resid is 0.039522 meters 
   GPS70 : 3336 residuals : avg resid is 0.035245 meters 
   GPS47 : 1667 residuals : avg resid is 0.004167 meters 
   GPS44 : 1712 residuals : avg resid is 0.000334 meters 
   GPS53 : 43 residuals : avg resid is 0.000000 meters 
   GPS62 : 43 residuals : avg resid is 0.000000 meters 
   GPS68 : 43 residuals : avg resid is 0.000000 meters 
   GPS67 : 43 residuals : avg resid is 0.000000 meters 
   GPS57 : 43 residuals : avg resid is 0.000000 meters 
