 5.128712537000000e+08   0.000000000000000e+00   2.162007226400000e+06   2.215990000000000e+00  .Station.NONE.Clk.Bias
 5.128712537000000e+08   0.000000000000000e+00  -5.000778870590000e+06   2.699010000000000e+00  .Station.NONE.State.Pos.X
 5.128712537000000e+08   0.000000000000000e+00  -2.518246266790000e+06   2.156350000000000e+00  .Station.NONE.State.Pos.Y
 5.128712537000000e+08   0.000000000000000e+00   4.000884965730000e+06   3.370200000000000e+00  .Station.NONE.State.Pos.Z
 5.128712538000000e+08   0.000000000000000e+00   2.162008204070000e+06   1.554150000000000e+00  .Station.NONE.Clk.Bias
 5.128712538000000e+08   0.000000000000000e+00  -5.001154365410000e+06   2.128310000000000e+00  .Station.NONE.State.Pos.X
 5.128712538000000e+08   0.000000000000000e+00  -2.518482008190000e+06   1.527370000000000e+00  .Station.NONE.State.Pos.Y
 5.128712538000000e+08   0.000000000000000e+00   4.000272321370000e+06   1.936310000000000e+00  .Station.NONE.State.Pos.Z
 5.128712539000000e+08   0.000000000000000e+00   2.162008136190000e+06   1.557060000000000e+00  .Station.NONE.Clk.Bias
 5.128712539000000e+08   0.000000000000000e+00  -5.001530113310000e+06   2.132300000000000e+00  .Station.NONE.State.Pos.X
 5.128712539000000e+08   0.000000000000000e+00  -2.518717946840000e+06   1.530250000000000e+00  .Station.NONE.State.Pos.Y
 5.128712539000000e+08   0.000000000000000e+00   3.999657451590000e+06   1.939970000000000e+00  .Station.NONE.State.Pos.Z
 5.128712540000000e+08   0.000000000000000e+00   2.162008076520000e+06   1.556540000000000e+00  .Station.NONE.Clk.Bias
 5.128712540000000e+08   0.000000000000000e+00  -5.001905808550000e+06   2.131560000000000e+00  .Station.NONE.State.Pos.X
 5.128712540000000e+08   0.000000000000000e+00  -2.518953846100000e+06   1.529750000000000e+00  .Station.NONE.State.Pos.Y
 5.128712540000000e+08   0.000000000000000e+00   3.999042537890000e+06   1.939340000000000e+00  .Station.NONE.State.Pos.Z
 5.128712541000000e+08   0.000000000000000e+00   2.162008040190000e+06   1.551840000000000e+00  .Station.NONE.Clk.Bias
 5.128712541000000e+08   0.000000000000000e+00  -5.002281471200000e+06   2.125120000000000e+00  .Station.NONE.State.Pos.X
 5.128712541000000e+08   0.000000000000000e+00  -2.519189718810000e+06   1.525150000000000e+00  .Station.NONE.State.Pos.Y
 5.128712541000000e+08   0.000000000000000e+00   3.998427577200000e+06   1.933500000000000e+00  .Station.NONE.State.Pos.Z
 5.128712542000000e+08   0.000000000000000e+00   2.162007986800000e+06   1.551170000000000e+00  .Station.NONE.Clk.Bias
 5.128712542000000e+08   0.000000000000000e+00  -5.002657039910000e+06   2.124190000000000e+00  .Station.NONE.State.Pos.X
 5.128712542000000e+08   0.000000000000000e+00  -2.519425536500000e+06   1.524510000000000e+00  .Station.NONE.State.Pos.Y
 5.128712542000000e+08   0.000000000000000e+00   3.997812566490000e+06   1.932690000000000e+00  .Station.NONE.State.Pos.Z
 5.128712543000000e+08   0.000000000000000e+00   2.162007940140000e+06   1.552110000000000e+00  .Station.NONE.Clk.Bias
 5.128712543000000e+08   0.000000000000000e+00  -5.003032564640000e+06   2.125470000000000e+00  .Station.NONE.State.Pos.X
 5.128712543000000e+08   0.000000000000000e+00  -2.519661337250000e+06   1.525450000000000e+00  .Station.NONE.State.Pos.Y
 5.128712543000000e+08   0.000000000000000e+00   3.997197520570000e+06   1.933880000000000e+00  .Station.NONE.State.Pos.Z
 5.128712544000000e+08   0.000000000000000e+00   2.162007879370000e+06   1.553120000000000e+00  .Station.NONE.Clk.Bias
 5.128712544000000e+08   0.000000000000000e+00  -5.003408035910000e+06   2.126840000000000e+00  .Station.NONE.State.Pos.X
 5.128712544000000e+08   0.000000000000000e+00  -2.519897102430000e+06   1.526450000000000e+00  .Station.NONE.State.Pos.Y
 5.128712544000000e+08   0.000000000000000e+00   3.996582403100000e+06   1.935160000000000e+00  .Station.NONE.State.Pos.Z
 5.128712545000000e+08   0.000000000000000e+00   2.162007818360000e+06   1.551890000000000e+00  .Station.NONE.Clk.Bias
 5.128712545000000e+08   0.000000000000000e+00  -5.003783435940000e+06   2.125140000000000e+00  .Station.NONE.State.Pos.X
 5.128712545000000e+08   0.000000000000000e+00  -2.520132817720000e+06   1.525260000000000e+00  .Station.NONE.State.Pos.Y
 5.128712545000000e+08   0.000000000000000e+00   3.995967253650000e+06   1.933650000000000e+00  .Station.NONE.State.Pos.Z
 5.128712546000000e+08   0.000000000000000e+00   2.162007752950000e+06   1.552510000000000e+00  .Station.NONE.Clk.Bias
 5.128712546000000e+08   0.000000000000000e+00  -5.004158798000000e+06   2.125980000000000e+00  .Station.NONE.State.Pos.X
 5.128712546000000e+08   0.000000000000000e+00  -2.520368512730000e+06   1.525880000000000e+00  .Station.NONE.State.Pos.Y
 5.128712546000000e+08   0.000000000000000e+00   3.995352049990000e+06   1.934430000000000e+00  .Station.NONE.State.Pos.Z
 5.128712547000000e+08   0.000000000000000e+00   2.162007720000000e+06   1.549380000000000e+00  .Station.NONE.Clk.Bias
 5.128712547000000e+08   0.000000000000000e+00  -5.004534116920000e+06   2.121680000000000e+00  .Station.NONE.State.Pos.X
 5.128712547000000e+08   0.000000000000000e+00  -2.520604176130000e+06   1.522820000000000e+00  .Station.NONE.State.Pos.Y
 5.128712547000000e+08   0.000000000000000e+00   3.994736801090000e+06   1.930550000000000e+00  .Station.NONE.State.Pos.Z
 5.128712548000000e+08   0.000000000000000e+00   2.162007656310000e+06   1.549380000000000e+00  .Station.NONE.Clk.Bias
 5.128712548000000e+08   0.000000000000000e+00  -5.004909352740000e+06   2.121660000000000e+00  .Station.NONE.State.Pos.X
 5.128712548000000e+08   0.000000000000000e+00  -2.520839783840000e+06   1.522830000000000e+00  .Station.NONE.State.Pos.Y
 5.128712548000000e+08   0.000000000000000e+00   3.994121491110000e+06   1.930570000000000e+00  .Station.NONE.State.Pos.Z
 5.128712549000000e+08   0.000000000000000e+00   2.162007605150000e+06   1.549100000000000e+00  .Station.NONE.Clk.Bias
 5.128712549000000e+08   0.000000000000000e+00  -5.005284543439999e+06   2.121280000000000e+00  .Station.NONE.State.Pos.X
 5.128712549000000e+08   0.000000000000000e+00  -2.521075363330000e+06   1.522570000000000e+00  .Station.NONE.State.Pos.Y
 5.128712549000000e+08   0.000000000000000e+00   3.993506150830000e+06   1.930250000000000e+00  .Station.NONE.State.Pos.Z
 5.128712550000000e+08   0.000000000000000e+00   2.162007534810000e+06   1.550630000000000e+00  .Station.NONE.Clk.Bias
 5.128712550000000e+08   0.000000000000000e+00  -5.005659662320000e+06   2.123350000000000e+00  .Station.NONE.State.Pos.X
 5.128712550000000e+08   0.000000000000000e+00  -2.521310905570000e+06   1.524080000000000e+00  .Station.NONE.State.Pos.Y
 5.128712550000000e+08   0.000000000000000e+00   3.992890745530000e+06   1.932160000000000e+00  .Station.NONE.State.Pos.Z
 5.128712551000000e+08   0.000000000000000e+00   2.162007461390000e+06   1.553440000000000e+00  .Station.NONE.Clk.Bias
 5.128712551000000e+08   0.000000000000000e+00  -5.006034718480000e+06   2.127190000000000e+00  .Station.NONE.State.Pos.X
 5.128712551000000e+08   0.000000000000000e+00  -2.521546416060000e+06   1.526870000000000e+00  .Station.NONE.State.Pos.Y
 5.128712551000000e+08   0.000000000000000e+00   3.992275297910000e+06   1.935690000000000e+00  .Station.NONE.State.Pos.Z
 5.128712552000000e+08   0.000000000000000e+00   2.162007390110000e+06   1.553040000000000e+00  .Station.NONE.Clk.Bias
 5.128712552000000e+08   0.000000000000000e+00  -5.006409735510000e+06   2.126630000000000e+00  .Station.NONE.State.Pos.X
 5.128712552000000e+08   0.000000000000000e+00  -2.521781890600000e+06   1.526490000000000e+00  .Station.NONE.State.Pos.Y
 5.128712552000000e+08   0.000000000000000e+00   3.991659795680000e+06   1.935210000000000e+00  .Station.NONE.State.Pos.Z
 5.128712553000000e+08   0.000000000000000e+00   2.162007333530000e+06   1.556230000000000e+00  .Station.NONE.Clk.Bias
 5.128712553000000e+08   0.000000000000000e+00  -5.006784701669999e+06   2.130980000000000e+00  .Station.NONE.State.Pos.X
 5.128712553000000e+08   0.000000000000000e+00  -2.522017332000000e+06   1.529630000000000e+00  .Station.NONE.State.Pos.Y
 5.128712553000000e+08   0.000000000000000e+00   3.991044252740000e+06   1.939200000000000e+00  .Station.NONE.State.Pos.Z
 5.128712554000000e+08   0.000000000000000e+00   2.162007268240000e+06   1.555780000000000e+00  .Station.NONE.Clk.Bias
 5.128712554000000e+08   0.000000000000000e+00  -5.007159601550000e+06   2.130360000000000e+00  .Station.NONE.State.Pos.X
 5.128712554000000e+08   0.000000000000000e+00  -2.522252734360000e+06   1.529210000000000e+00  .Station.NONE.State.Pos.Y
 5.128712554000000e+08   0.000000000000000e+00   3.990428661640000e+06   1.938670000000000e+00  .Station.NONE.State.Pos.Z
 5.128712555000000e+08   0.000000000000000e+00   2.162007202640000e+06   1.558690000000000e+00  .Station.NONE.Clk.Bias
 5.128712555000000e+08   0.000000000000000e+00  -5.007534451669999e+06   2.134330000000000e+00  .Station.NONE.State.Pos.X
 5.128712555000000e+08   0.000000000000000e+00  -2.522488106480000e+06   1.532080000000000e+00  .Station.NONE.State.Pos.Y
 5.128712555000000e+08   0.000000000000000e+00   3.989813031910000e+06   1.942310000000000e+00  .Station.NONE.State.Pos.Z
 5.128712556000000e+08   0.000000000000000e+00   2.162007134670000e+06   1.558370000000000e+00  .Station.NONE.Clk.Bias
 5.128712556000000e+08   0.000000000000000e+00  -5.007909234120000e+06   2.133890000000000e+00  .Station.NONE.State.Pos.X
 5.128712556000000e+08   0.000000000000000e+00  -2.522723437430000e+06   1.531790000000000e+00  .Station.NONE.State.Pos.Y
 5.128712556000000e+08   0.000000000000000e+00   3.989197331860000e+06   1.941940000000000e+00  .Station.NONE.State.Pos.Z
 5.128712557000000e+08   0.000000000000000e+00   2.162007066480000e+06   1.561110000000000e+00  .Station.NONE.Clk.Bias
 5.128712557000000e+08   0.000000000000000e+00  -5.008283960470000e+06   2.137620000000000e+00  .Station.NONE.State.Pos.X
 5.128712557000000e+08   0.000000000000000e+00  -2.522958730070000e+06   1.534490000000000e+00  .Station.NONE.State.Pos.Y
 5.128712557000000e+08   0.000000000000000e+00   3.988581588810000e+06   1.945360000000000e+00  .Station.NONE.State.Pos.Z
 5.128802470000000e+08   0.000000000000000e+00   2.329496976790000e+06   1.022820000000000e+00  .Station.NONE.Clk.Bias
 5.128802470000000e+08   0.000000000000000e+00   6.764760678830000e+06   1.527350000000000e+00  .Station.NONE.State.Pos.X
 5.128802470000000e+08   0.000000000000000e+00  -9.492685037000000e+05   5.631600000000001e-01  .Station.NONE.State.Pos.Y
 5.128802470000000e+08   0.000000000000000e+00  -9.478234998300000e+05   1.571690000000000e+00  .Station.NONE.State.Pos.Z
 5.128802471000000e+08   0.000000000000000e+00   2.329497119990000e+06   1.018170000000000e+00  .Station.NONE.Clk.Bias
 5.128802471000000e+08   0.000000000000000e+00   6.764864217590000e+06   1.520410000000000e+00  .Station.NONE.State.Pos.X
 5.128802471000000e+08   0.000000000000000e+00  -9.492650139200001e+05   5.606000000000000e-01  .Station.NONE.State.Pos.Y
 5.128802471000000e+08   0.000000000000000e+00  -9.470731506500000e+05   1.564600000000000e+00  .Station.NONE.State.Pos.Z
 5.128802472000000e+08   0.000000000000000e+00   2.329497244470000e+06   1.015060000000000e+00  .Station.NONE.Clk.Bias
 5.128802472000000e+08   0.000000000000000e+00   6.764967639079999e+06   1.515750000000000e+00  .Station.NONE.State.Pos.X
 5.128802472000000e+08   0.000000000000000e+00  -9.492615153199999e+05   5.588800000000000e-01  .Station.NONE.State.Pos.Y
 5.128802472000000e+08   0.000000000000000e+00  -9.463227958100000e+05   1.559870000000000e+00  .Station.NONE.State.Pos.Z
 5.128802473000000e+08   0.000000000000000e+00   2.329497376160000e+06   1.015310000000000e+00  .Station.NONE.Clk.Bias
 5.128802473000000e+08   0.000000000000000e+00   6.765071016340000e+06   1.516130000000000e+00  .Station.NONE.State.Pos.X
 5.128802473000000e+08   0.000000000000000e+00  -9.492580042300000e+05   5.590200000000001e-01  .Station.NONE.State.Pos.Y
 5.128802473000000e+08   0.000000000000000e+00  -9.455724246300000e+05   1.560310000000000e+00  .Station.NONE.State.Pos.Z
 5.128802474000000e+08   0.000000000000000e+00   2.329497490590000e+06   1.014430000000000e+00  .Station.NONE.Clk.Bias
 5.128802474000000e+08   0.000000000000000e+00   6.765174261430000e+06   1.514800000000000e+00  .Station.NONE.State.Pos.X
 5.128802474000000e+08   0.000000000000000e+00  -9.492544908400000e+05   5.585300000000000e-01  .Station.NONE.State.Pos.Y
 5.128802474000000e+08   0.000000000000000e+00  -9.448220727200001e+05   1.559000000000000e+00  .Station.NONE.State.Pos.Z
 5.128802475000000e+08   0.000000000000000e+00   2.329497616120000e+06   1.014360000000000e+00  .Station.NONE.Clk.Bias
 5.128802475000000e+08   0.000000000000000e+00   6.765277460010001e+06   1.514700000000000e+00  .Station.NONE.State.Pos.X
 5.128802475000000e+08   0.000000000000000e+00  -9.492509621900000e+05   5.585000000000000e-01  .Station.NONE.State.Pos.Y
 5.128802475000000e+08   0.000000000000000e+00  -9.440716773399999e+05   1.558950000000000e+00  .Station.NONE.State.Pos.Z
 5.128802476000000e+08   0.000000000000000e+00   2.329497741780000e+06   1.021470000000000e+00  .Station.NONE.Clk.Bias
 5.128802476000000e+08   0.000000000000000e+00   6.765380582750000e+06   1.525310000000000e+00  .Station.NONE.State.Pos.X
 5.128802476000000e+08   0.000000000000000e+00  -9.492474208400000e+05   5.624100000000000e-01  .Station.NONE.State.Pos.Y
 5.128802476000000e+08   0.000000000000000e+00  -9.433212657100001e+05   1.569920000000000e+00  .Station.NONE.State.Pos.Z
 5.128802477000000e+08   0.000000000000000e+00   2.329497875780000e+06   1.016920000000000e+00  .Station.NONE.Clk.Bias
 5.128802477000000e+08   0.000000000000000e+00   6.765483624580000e+06   1.518520000000000e+00  .Station.NONE.State.Pos.X
 5.128802477000000e+08   0.000000000000000e+00  -9.492438714700000e+05   5.599000000000000e-01  .Station.NONE.State.Pos.Y
 5.128802477000000e+08   0.000000000000000e+00  -9.425708360000000e+05   1.562980000000000e+00  .Station.NONE.State.Pos.Z
 5.128802478000000e+08   0.000000000000000e+00   2.329498010850000e+06   1.016740000000000e+00  .Station.NONE.Clk.Bias
 5.128802478000000e+08   0.000000000000000e+00   6.765586591829999e+06   1.518260000000000e+00  .Station.NONE.State.Pos.X
 5.128802478000000e+08   0.000000000000000e+00  -9.492403095800000e+05   5.598100000000000e-01  .Station.NONE.State.Pos.Y
 5.128802478000000e+08   0.000000000000000e+00  -9.418204042000000e+05   1.562770000000000e+00  .Station.NONE.State.Pos.Z
 5.128802479000000e+08   0.000000000000000e+00   2.329498135780000e+06   1.007630000000000e+00  .Station.NONE.Clk.Bias
 5.128802479000000e+08   0.000000000000000e+00   6.765689458910001e+06   1.504640000000000e+00  .Station.NONE.State.Pos.X
 5.128802479000000e+08   0.000000000000000e+00  -9.492367374399999e+05   5.547900000000000e-01  .Station.NONE.State.Pos.Y
 5.128802479000000e+08   0.000000000000000e+00  -9.410699563300000e+05   1.548810000000000e+00  .Station.NONE.State.Pos.Z
 5.128802480000000e+08   0.000000000000000e+00   2.329498272270000e+06   1.007910000000000e+00  .Station.NONE.Clk.Bias
 5.128802480000000e+08   0.000000000000000e+00   6.765792270920000e+06   1.505060000000000e+00  .Station.NONE.State.Pos.X
 5.128802480000000e+08   0.000000000000000e+00  -9.492331556300001e+05   5.549400000000000e-01  .Station.NONE.State.Pos.Y
 5.128802480000000e+08   0.000000000000000e+00  -9.403194831700000e+05   1.549290000000000e+00  .Station.NONE.State.Pos.Z
 5.128802481000000e+08   0.000000000000000e+00   2.329498392870000e+06   1.018770000000000e+00  .Station.NONE.Clk.Bias
 5.128802481000000e+08   0.000000000000000e+00   6.765894975710000e+06   1.521270000000000e+00  .Station.NONE.State.Pos.X
 5.128802481000000e+08   0.000000000000000e+00  -9.492295656999999e+05   5.609200000000000e-01  .Station.NONE.State.Pos.Y
 5.128802481000000e+08   0.000000000000000e+00  -9.395690271299999e+05   1.566030000000000e+00  .Station.NONE.State.Pos.Z
 5.128802482000000e+08   0.000000000000000e+00   2.329498514620000e+06   1.013680000000000e+00  .Station.NONE.Clk.Bias
 5.128802482000000e+08   0.000000000000000e+00   6.765997613390000e+06   1.513670000000000e+00  .Station.NONE.State.Pos.X
 5.128802482000000e+08   0.000000000000000e+00  -9.492259613000000e+05   5.581199999999999e-01  .Station.NONE.State.Pos.Y
 5.128802482000000e+08   0.000000000000000e+00  -9.388185548700000e+05   1.558270000000000e+00  .Station.NONE.State.Pos.Z
 5.128802483000000e+08   0.000000000000000e+00   2.329498630420000e+06   1.014310000000000e+00  .Station.NONE.Clk.Bias
 5.128802483000000e+08   0.000000000000000e+00   6.766100147080000e+06   1.514610000000000e+00  .Station.NONE.State.Pos.X
 5.128802483000000e+08   0.000000000000000e+00  -9.492223494100000e+05   5.584600000000000e-01  .Station.NONE.State.Pos.Y
 5.128802483000000e+08   0.000000000000000e+00  -9.380680766200001e+05   1.559280000000000e+00  .Station.NONE.State.Pos.Z
 5.128802484000000e+08   0.000000000000000e+00   2.329498744920000e+06   1.011870000000000e+00  .Station.NONE.Clk.Bias
 5.128802484000000e+08   0.000000000000000e+00   6.766202614160000e+06   1.510950000000000e+00  .Station.NONE.State.Pos.X
 5.128802484000000e+08   0.000000000000000e+00  -9.492187322500000e+05   5.571100000000000e-01  .Station.NONE.State.Pos.Y
 5.128802484000000e+08   0.000000000000000e+00  -9.373175766400000e+05   1.555570000000000e+00  .Station.NONE.State.Pos.Z
 5.128802485000000e+08   0.000000000000000e+00   2.329498864140000e+06   1.009210000000000e+00  .Station.NONE.Clk.Bias
 5.128802485000000e+08   0.000000000000000e+00   6.766304986649999e+06   1.506990000000000e+00  .Station.NONE.State.Pos.X
 5.128802485000000e+08   0.000000000000000e+00  -9.492151049300000e+05   5.556500000000000e-01  .Station.NONE.State.Pos.Y
 5.128802485000000e+08   0.000000000000000e+00  -9.365670697300000e+05   1.551550000000000e+00  .Station.NONE.State.Pos.Z
 5.128802486000000e+08   0.000000000000000e+00   2.329498964560000e+06   1.004170000000000e+00  .Station.NONE.Clk.Bias
 5.128802486000000e+08   0.000000000000000e+00   6.766407271699999e+06   1.499460000000000e+00  .Station.NONE.State.Pos.X
 5.128802486000000e+08   0.000000000000000e+00  -9.492114625400000e+05   5.528700000000000e-01  .Station.NONE.State.Pos.Y
 5.128802486000000e+08   0.000000000000000e+00  -9.358165665500000e+05   1.543850000000000e+00  .Station.NONE.State.Pos.Z
 5.128802487000000e+08   0.000000000000000e+00   2.329499085930000e+06   1.004570000000000e+00  .Station.NONE.Clk.Bias
 5.128802487000000e+08   0.000000000000000e+00   6.766509488970000e+06   1.500050000000000e+00  .Station.NONE.State.Pos.X
 5.128802487000000e+08   0.000000000000000e+00  -9.492078094400000e+05   5.530900000000000e-01  .Station.NONE.State.Pos.Y
 5.128802487000000e+08   0.000000000000000e+00  -9.350660324299999e+05   1.544510000000000e+00  .Station.NONE.State.Pos.Z
 5.128802488000000e+08   0.000000000000000e+00   2.329499204650000e+06   9.957099999999999e-01  .Station.NONE.Clk.Bias
 5.128802488000000e+08   0.000000000000000e+00   6.766611636640000e+06   1.486820000000000e+00  .Station.NONE.State.Pos.X
 5.128802488000000e+08   0.000000000000000e+00  -9.492041492000000e+05   5.482100000000001e-01  .Station.NONE.State.Pos.Y
 5.128802488000000e+08   0.000000000000000e+00  -9.343154813300000e+05   1.530940000000000e+00  .Station.NONE.State.Pos.Z
 5.128802489000000e+08   0.000000000000000e+00   2.329499343690000e+06   9.917100000000000e-01  .Station.NONE.Clk.Bias
 5.128802489000000e+08   0.000000000000000e+00   6.766713707730000e+06   1.480850000000000e+00  .Station.NONE.State.Pos.X
 5.128802489000000e+08   0.000000000000000e+00  -9.492004884600000e+05   5.460100000000000e-01  .Station.NONE.State.Pos.Y
 5.128802489000000e+08   0.000000000000000e+00  -9.335649345399999e+05   1.524840000000000e+00  .Station.NONE.State.Pos.Z
 5.128802490000000e+08   0.000000000000000e+00   2.329499459880000e+06   9.886700000000000e-01  .Station.NONE.Clk.Bias
 5.128802490000000e+08   0.000000000000000e+00   6.766815671160000e+06   1.476300000000000e+00  .Station.NONE.State.Pos.X
 5.128802490000000e+08   0.000000000000000e+00  -9.491968099600000e+05   5.443300000000000e-01  .Station.NONE.State.Pos.Y
 5.128802490000000e+08   0.000000000000000e+00  -9.328143800000000e+05   1.520210000000000e+00  .Station.NONE.State.Pos.Z
 5.128802491000000e+08   0.000000000000000e+00   2.329499574670000e+06   9.852699999999999e-01  .Station.NONE.Clk.Bias
 5.128802491000000e+08   0.000000000000000e+00   6.766917566800000e+06   1.471220000000000e+00  .Station.NONE.State.Pos.X
 5.128802491000000e+08   0.000000000000000e+00  -9.491931196300000e+05   5.424600000000001e-01  .Station.NONE.State.Pos.Y
 5.128802491000000e+08   0.000000000000000e+00  -9.320638032000001e+05   1.515040000000000e+00  .Station.NONE.State.Pos.Z
 5.128802492000000e+08   0.000000000000000e+00   2.329499697360000e+06   9.838200000000000e-01  .Station.NONE.Clk.Bias
 5.128802492000000e+08   0.000000000000000e+00   6.767019379600001e+06   1.469060000000000e+00  .Station.NONE.State.Pos.X
 5.128802492000000e+08   0.000000000000000e+00  -9.491894183100000e+05   5.416600000000000e-01  .Station.NONE.State.Pos.Y
 5.128802492000000e+08   0.000000000000000e+00  -9.313132097300000e+05   1.512860000000000e+00  .Station.NONE.State.Pos.Z
 5.128802493000000e+08   0.000000000000000e+00   2.329499816890000e+06   9.858800000000000e-01  .Station.NONE.Clk.Bias
 5.128802493000000e+08   0.000000000000000e+00   6.767121114060000e+06   1.472130000000000e+00  .Station.NONE.State.Pos.X
 5.128802493000000e+08   0.000000000000000e+00  -9.491857069400001e+05   5.427999999999999e-01  .Station.NONE.State.Pos.Y
 5.128802493000000e+08   0.000000000000000e+00  -9.305626118000001e+05   1.516080000000000e+00  .Station.NONE.State.Pos.Z
 5.128802494000000e+08   0.000000000000000e+00   2.329499912460000e+06   9.927900000000000e-01  .Station.NONE.Clk.Bias
 5.128802494000000e+08   0.000000000000000e+00   6.767222726850000e+06   1.482450000000000e+00  .Station.NONE.State.Pos.X
 5.128802494000000e+08   0.000000000000000e+00  -9.491819934100000e+05   5.466000000000000e-01  .Station.NONE.State.Pos.Y
 5.128802494000000e+08   0.000000000000000e+00  -9.298120143200000e+05   1.526750000000000e+00  .Station.NONE.State.Pos.Z
 5.128802495000000e+08   0.000000000000000e+00   2.329500005330000e+06   9.871100000000000e-01  .Station.NONE.Clk.Bias
 5.128802495000000e+08   0.000000000000000e+00   6.767324277470000e+06   1.473960000000000e+00  .Station.NONE.State.Pos.X
 5.128802495000000e+08   0.000000000000000e+00  -9.491782610700000e+05   5.434700000000000e-01  .Station.NONE.State.Pos.Y
 5.128802495000000e+08   0.000000000000000e+00  -9.290613728600000e+05   1.518070000000000e+00  .Station.NONE.State.Pos.Z
 5.128802496000000e+08   0.000000000000000e+00   2.329500110310000e+06   9.886999999999999e-01  .Station.NONE.Clk.Bias
 5.128802496000000e+08   0.000000000000000e+00   6.767425741060000e+06   1.476330000000000e+00  .Station.NONE.State.Pos.X
 5.128802496000000e+08   0.000000000000000e+00  -9.491745233300001e+05   5.443500000000000e-01  .Station.NONE.State.Pos.Y
 5.128802496000000e+08   0.000000000000000e+00  -9.283107598300000e+05   1.520560000000000e+00  .Station.NONE.State.Pos.Z
 5.128802497000000e+08   0.000000000000000e+00   2.329500214750000e+06   9.809000000000000e-01  .Station.NONE.Clk.Bias
 5.128802497000000e+08   0.000000000000000e+00   6.767527138450000e+06   1.464680000000000e+00  .Station.NONE.State.Pos.X
 5.128802497000000e+08   0.000000000000000e+00  -9.491707726800001e+05   5.400500000000000e-01  .Station.NONE.State.Pos.Y
 5.128802497000000e+08   0.000000000000000e+00  -9.275601063499999e+05   1.508610000000000e+00  .Station.NONE.State.Pos.Z
 5.128802498000000e+08   0.000000000000000e+00   2.329500329520000e+06   9.834700000000000e-01  .Station.NONE.Clk.Bias
 5.128802498000000e+08   0.000000000000000e+00   6.767628462950000e+06   1.468520000000000e+00  .Station.NONE.State.Pos.X
 5.128802498000000e+08   0.000000000000000e+00  -9.491670097200000e+05   5.414600000000001e-01  .Station.NONE.State.Pos.Y
 5.128802498000000e+08   0.000000000000000e+00  -9.268094448500000e+05   1.512610000000000e+00  .Station.NONE.State.Pos.Z
 5.128802499000000e+08   0.000000000000000e+00   2.329500460610000e+06   9.725900000000000e-01  .Station.NONE.Clk.Bias
 5.128802499000000e+08   0.000000000000000e+00   6.767729705980000e+06   1.452270000000000e+00  .Station.NONE.State.Pos.X
 5.128802499000000e+08   0.000000000000000e+00  -9.491632400000000e+05   5.354700000000000e-01  .Station.NONE.State.Pos.Y
 5.128802499000000e+08   0.000000000000000e+00  -9.260587804200000e+05   1.495940000000000e+00  .Station.NONE.State.Pos.Z
 5.128802500000000e+08   0.000000000000000e+00   2.329500567240000e+06   9.789499999999999e-01  .Station.NONE.Clk.Bias
 5.128802500000000e+08   0.000000000000000e+00   6.767830865330000e+06   1.461760000000000e+00  .Station.NONE.State.Pos.X
 5.128802500000000e+08   0.000000000000000e+00  -9.491594609300001e+05   5.389700000000001e-01  .Station.NONE.State.Pos.Y
 5.128802500000000e+08   0.000000000000000e+00  -9.253080961000000e+05   1.505760000000000e+00  .Station.NONE.State.Pos.Z
 5.128802501000000e+08   0.000000000000000e+00   2.329500667070000e+06   9.782599999999999e-01  .Station.NONE.Clk.Bias
 5.128802501000000e+08   0.000000000000000e+00   6.767931933440000e+06   1.460720000000000e+00  .Station.NONE.State.Pos.X
 5.128802501000000e+08   0.000000000000000e+00  -9.491556646900000e+05   5.385900000000000e-01  .Station.NONE.State.Pos.Y
 5.128802501000000e+08   0.000000000000000e+00  -9.245574038800000e+05   1.504740000000000e+00  .Station.NONE.State.Pos.Z
 5.128802502000000e+08   0.000000000000000e+00   2.329500751280000e+06   9.707900000000000e-01  .Station.NONE.Clk.Bias
 5.128802502000000e+08   0.000000000000000e+00   6.768032926940000e+06   1.449570000000000e+00  .Station.NONE.State.Pos.X
 5.128802502000000e+08   0.000000000000000e+00  -9.491518593100000e+05   5.344800000000001e-01  .Station.NONE.State.Pos.Y
 5.128802502000000e+08   0.000000000000000e+00  -9.238067061900001e+05   1.493300000000000e+00  .Station.NONE.State.Pos.Z
